number,value,datetime_start,datetime_complete,duration,params_atr_period,params_ev_ebitda_max,params_fcf_margin_min,params_revenue_growth_min,params_roe_min,params_rsi_high,params_rsi_low,params_rsi_period,params_sma_fast,params_sma_slow,params_volchg_window,system_attrs_fixed_params,state
0,0.0,2025-07-04 23:06:31.520831,2025-07-04 23:06:31.533506,0 days 00:00:00.012675,14,10,0.05,0.1,10,70,30,14,10,100,5,"{'score': 0.0, 'sma_fast': 10.0, 'sma_slow': 100.0, 'rsi_period': 14.0, 'rsi_low': 30.0, 'rsi_high': 70.0, 'atr_period': 14.0, 'volchg_window': 5.0, 'roe_min': 10.0, 'revenue_growth_min': 0.1, 'ev_ebitda_max': 10.0, 'fcf_margin_min': 0.05, 'CAGR': 0.0, 'MDD': 0.0, 'Sharpe': nan}",COMPLETE
1,0.0,2025-07-04 23:06:31.534491,2025-07-04 23:06:31.548728,0 days 00:00:00.014237,14,10,0.1,0.1,20,70,30,28,20,200,5,,COMPLETE
2,0.0,2025-07-04 23:06:31.550055,2025-07-04 23:06:31.561603,0 days 00:00:00.011548,14,10,0.05,0.15,20,70,30,14,10,250,10,,COMPLETE
3,0.0,2025-07-04 23:06:31.562502,2025-07-04 23:06:31.574024,0 days 00:00:00.011522,14,10,0.05,0.2,15,70,30,21,10,100,5,,COMPLETE
4,0.0,2025-07-04 23:06:31.574813,2025-07-04 23:06:31.585440,0 days 00:00:00.010627,14,12,0.1,0.2,20,70,30,28,20,100,10,,COMPLETE
5,0.0,2025-07-04 23:06:31.586256,2025-07-04 23:06:31.596727,0 days 00:00:00.010471,14,12,0.1,0.15,15,70,30,21,50,200,5,,COMPLETE
6,0.0,2025-07-04 23:06:31.597519,2025-07-04 23:06:31.613411,0 days 00:00:00.015892,14,12,0.1,0.1,10,70,30,14,30,100,5,,COMPLETE
7,0.0,2025-07-04 23:06:31.615104,2025-07-04 23:06:31.631860,0 days 00:00:00.016756,14,10,0.1,0.2,15,70,30,14,50,200,5,,COMPLETE
8,0.0,2025-07-04 23:06:31.633693,2025-07-04 23:06:31.646566,0 days 00:00:00.012873,14,14,0.05,0.1,20,70,30,28,40,200,5,,COMPLETE
9,0.0,2025-07-04 23:06:31.647497,2025-07-04 23:06:31.659202,0 days 00:00:00.011705,14,10,0.05,0.2,10,70,30,28,40,200,5,,COMPLETE
10,0.0,2025-07-04 23:06:31.660091,2025-07-04 23:06:31.674594,0 days 00:00:00.014503,14,14,0.05,0.1,10,70,30,14,10,150,10,,COMPLETE
11,0.0,2025-07-04 23:06:31.675473,2025-07-04 23:06:31.695463,0 days 00:00:00.019990,14,10,0.1,0.1,10,70,30,28,20,150,5,,COMPLETE
12,0.0,2025-07-04 23:06:31.696728,2025-07-04 23:06:31.717999,0 days 00:00:00.021271,14,10,0.05,0.1,20,70,30,14,20,250,5,,COMPLETE
13,0.0,2025-07-04 23:06:31.719273,2025-07-04 23:06:31.743667,0 days 00:00:00.024394,14,10,0.1,0.1,10,70,30,28,30,100,5,,COMPLETE
14,0.0,2025-07-04 23:06:31.745717,2025-07-04 23:06:31.780016,0 days 00:00:00.034299,14,14,0.1,0.1,20,70,30,21,20,200,10,,COMPLETE
15,0.0,2025-07-04 23:06:31.781353,2025-07-04 23:06:31.799988,0 days 00:00:00.018635,14,10,0.05,0.1,10,70,30,14,10,100,5,,COMPLETE
16,0.0,2025-07-04 23:06:31.801430,2025-07-04 23:06:31.818906,0 days 00:00:00.017476,14,10,0.05,0.15,20,70,30,28,10,250,5,,COMPLETE
17,0.0,2025-07-04 23:06:31.819802,2025-07-04 23:06:31.837056,0 days 00:00:00.017254,14,10,0.1,0.1,10,70,30,14,20,150,5,,COMPLETE
18,0.0,2025-07-04 23:06:31.838304,2025-07-04 23:06:31.855306,0 days 00:00:00.017002,14,14,0.05,0.1,20,70,30,28,50,100,10,,COMPLETE
19,0.0,2025-07-04 23:06:31.856207,2025-07-04 23:06:31.875632,0 days 00:00:00.019425,14,12,0.1,0.15,15,70,30,21,30,200,5,,COMPLETE
20,0.0,2025-07-04 23:06:31.877142,2025-07-04 23:06:31.897366,0 days 00:00:00.020224,14,10,0.1,0.1,20,70,30,28,40,100,5,,COMPLETE
21,0.0,2025-07-04 23:06:31.898589,2025-07-04 23:06:31.915784,0 days 00:00:00.017195,14,10,0.05,0.15,20,70,30,14,10,250,10,,COMPLETE
22,0.0,2025-07-04 23:06:31.916819,2025-07-04 23:06:31.934939,0 days 00:00:00.018120,14,10,0.05,0.15,20,70,30,14,10,250,10,,COMPLETE
23,0.0,2025-07-04 23:06:31.936144,2025-07-04 23:06:31.954680,0 days 00:00:00.018536,14,10,0.05,0.15,20,70,30,14,10,250,10,,COMPLETE
24,0.0,2025-07-04 23:06:31.955604,2025-07-04 23:06:31.975650,0 days 00:00:00.020046,14,10,0.05,0.15,20,70,30,14,10,250,10,,COMPLETE
25,0.0,2025-07-04 23:06:31.976577,2025-07-04 23:06:31.993905,0 days 00:00:00.017328,14,10,0.05,0.15,10,70,30,14,20,250,10,,COMPLETE
26,0.0,2025-07-04 23:06:31.994731,2025-07-04 23:06:32.014592,0 days 00:00:00.019861,14,10,0.05,0.1,20,70,30,14,10,200,10,,COMPLETE
27,0.0,2025-07-04 23:06:32.015540,2025-07-04 23:06:32.033592,0 days 00:00:00.018052,14,10,0.05,0.15,20,70,30,14,10,150,5,,COMPLETE
28,0.0,2025-07-04 23:06:32.034598,2025-07-04 23:06:32.053378,0 days 00:00:00.018780,14,14,0.1,0.2,15,70,30,21,20,250,10,,COMPLETE
29,0.0,2025-07-04 23:06:32.054627,2025-07-04 23:06:32.073972,0 days 00:00:00.019345,14,12,0.05,0.1,10,70,30,28,10,100,5,,COMPLETE
30,0.0,2025-07-04 23:06:32.074827,2025-07-04 23:06:32.092259,0 days 00:00:00.017432,14,10,0.05,0.2,15,70,30,21,30,200,5,,COMPLETE
31,0.0,2025-07-04 23:06:32.093129,2025-07-04 23:06:32.112030,0 days 00:00:00.018901,14,10,0.05,0.2,15,70,30,21,10,100,5,,COMPLETE
32,0.0,2025-07-04 23:06:32.113618,2025-07-04 23:06:32.133207,0 days 00:00:00.019589,14,10,0.05,0.2,15,70,30,21,10,100,5,,COMPLETE
33,0.0,2025-07-04 23:06:32.134040,2025-07-04 23:06:32.152336,0 days 00:00:00.018296,14,12,0.1,0.2,15,70,30,21,50,100,5,,COMPLETE
34,0.0,2025-07-04 23:06:32.153384,2025-07-04 23:06:32.171941,0 days 00:00:00.018557,14,10,0.05,0.2,15,70,30,21,10,100,5,,COMPLETE
35,0.0,2025-07-04 23:06:32.172782,2025-07-04 23:06:32.191943,0 days 00:00:00.019161,14,12,0.1,0.2,15,70,30,28,20,100,5,,COMPLETE
36,0.0,2025-07-04 23:06:32.192767,2025-07-04 23:06:32.210640,0 days 00:00:00.017873,14,10,0.05,0.1,20,70,30,14,40,200,5,,COMPLETE
37,0.0,2025-07-04 23:06:32.211478,2025-07-04 23:06:32.228449,0 days 00:00:00.016971,14,10,0.1,0.15,10,70,30,21,50,100,10,,COMPLETE
38,0.0,2025-07-04 23:06:32.229289,2025-07-04 23:06:32.246079,0 days 00:00:00.016790,14,14,0.05,0.2,20,70,30,28,10,200,5,,COMPLETE
39,0.0,2025-07-04 23:06:32.247042,2025-07-04 23:06:32.265859,0 days 00:00:00.018817,14,10,0.05,0.1,10,70,30,14,40,150,5,,COMPLETE
40,0.0,2025-07-04 23:06:32.267304,2025-07-04 23:06:32.283809,0 days 00:00:00.016505,14,12,0.1,0.1,15,70,30,28,20,200,5,,COMPLETE
41,0.0,2025-07-04 23:06:32.284982,2025-07-04 23:06:32.302598,0 days 00:00:00.017616,14,12,0.1,0.2,20,70,30,28,20,100,10,,COMPLETE
42,0.0,2025-07-04 23:06:32.303442,2025-07-04 23:06:32.323306,0 days 00:00:00.019864,14,12,0.1,0.2,20,70,30,28,20,100,10,,COMPLETE
43,0.0,2025-07-04 23:06:32.324169,2025-07-04 23:06:32.341259,0 days 00:00:00.017090,14,12,0.1,0.2,20,70,30,28,20,100,10,,COMPLETE
44,0.0,2025-07-04 23:06:32.342086,2025-07-04 23:06:32.358841,0 days 00:00:00.016755,14,10,0.1,0.2,10,70,30,28,20,100,10,,COMPLETE
45,0.0,2025-07-04 23:06:32.360038,2025-07-04 23:06:32.379583,0 days 00:00:00.019545,14,12,0.1,0.1,20,70,30,14,30,100,10,,COMPLETE
46,0.0,2025-07-04 23:06:32.380655,2025-07-04 23:06:32.400347,0 days 00:00:00.019692,14,10,0.05,0.1,20,70,30,28,10,250,5,,COMPLETE
47,0.0,2025-07-04 23:06:32.401242,2025-07-04 23:06:32.419302,0 days 00:00:00.018060,14,14,0.1,0.2,10,70,30,14,50,200,5,,COMPLETE
48,0.0,2025-07-04 23:06:32.420168,2025-07-04 23:06:32.439242,0 days 00:00:00.019074,14,10,0.05,0.1,20,70,30,21,20,150,10,,COMPLETE
49,0.0,2025-07-04 23:06:32.440123,2025-07-04 23:06:32.457710,0 days 00:00:00.017587,14,10,0.1,0.15,10,70,30,28,10,100,5,,COMPLETE
50,0.0,2025-07-04 23:06:32.458565,2025-07-04 23:06:32.478906,0 days 00:00:00.020341,14,12,0.05,0.1,20,70,30,14,40,250,10,,COMPLETE
51,0.0,2025-07-04 23:06:32.479770,2025-07-04 23:06:32.496982,0 days 00:00:00.017212,14,12,0.1,0.15,15,70,30,21,50,200,5,,COMPLETE
52,0.0,2025-07-04 23:06:32.497957,2025-07-04 23:06:32.515910,0 days 00:00:00.017953,14,12,0.1,0.15,15,70,30,21,50,200,5,,COMPLETE
53,0.0,2025-07-04 23:06:32.516712,2025-07-04 23:06:32.533670,0 days 00:00:00.016958,14,12,0.1,0.15,15,70,30,21,50,200,5,,COMPLETE
54,0.0,2025-07-04 23:06:32.534581,2025-07-04 23:06:32.550646,0 days 00:00:00.016065,14,10,0.1,0.15,15,70,30,21,10,200,5,,COMPLETE
55,0.0,2025-07-04 23:06:32.551779,2025-07-04 23:06:32.574200,0 days 00:00:00.022421,14,14,0.05,0.15,20,70,30,14,30,200,5,,COMPLETE
56,0.0,2025-07-04 23:06:32.575480,2025-07-04 23:06:32.594100,0 days 00:00:00.018620,14,10,0.1,0.1,15,70,30,28,50,250,10,,COMPLETE
57,0.0,2025-07-04 23:06:32.594953,2025-07-04 23:06:32.612139,0 days 00:00:00.017186,14,12,0.05,0.15,10,70,30,14,10,100,5,,COMPLETE
58,0.0,2025-07-04 23:06:32.613181,2025-07-04 23:06:32.635259,0 days 00:00:00.022078,14,10,0.1,0.1,20,70,30,21,20,150,5,,COMPLETE
59,0.0,2025-07-04 23:06:32.636208,2025-07-04 23:06:32.656241,0 days 00:00:00.020033,14,10,0.05,0.2,20,70,30,28,10,250,10,,COMPLETE
